k:\c++\sn0w csgo\sn0w csgo\release\vc142.pdb
k:\c++\sn0w csgo\sn0w csgo\release\player.obj
k:\c++\sn0w csgo\sn0w csgo\release\localplayer.obj
k:\c++\sn0w csgo\sn0w csgo\release\hack.obj
k:\c++\sn0w csgo\sn0w csgo\release\draw.obj
k:\c++\sn0w csgo\sn0w csgo\release\dllmain.obj
k:\c++\sn0w csgo\sn0w csgo\release\d3d.obj
k:\c++\sn0w csgo\sn0w csgo\release\hook.obj
k:\c++\sn0w csgo\release\sn0w csgo.dll
k:\c++\sn0w csgo\release\sn0w csgo.pdb
k:\c++\sn0w csgo\release\sn0w csgo.ipdb
k:\c++\sn0w csgo\release\sn0w csgo.iobj
k:\c++\sn0w csgo\sn0w csgo\release\sn0w csgo.tlog\cl.command.1.tlog
k:\c++\sn0w csgo\sn0w csgo\release\sn0w csgo.tlog\cl.read.1.tlog
k:\c++\sn0w csgo\sn0w csgo\release\sn0w csgo.tlog\cl.write.1.tlog
k:\c++\sn0w csgo\sn0w csgo\release\sn0w csgo.tlog\link.command.1.tlog
k:\c++\sn0w csgo\sn0w csgo\release\sn0w csgo.tlog\link.delete.1.tlog
k:\c++\sn0w csgo\sn0w csgo\release\sn0w csgo.tlog\link.read.1.tlog
k:\c++\sn0w csgo\sn0w csgo\release\sn0w csgo.tlog\link.write.1.tlog
k:\c++\sn0w csgo\sn0w csgo\release\sn0w csgo.tlog\sn0w csgo.write.1u.tlog
